[2017-11-19 16:10:46] my_logger.ERROR: Showing user [] []
[2017-11-19 16:10:46] my_logger.INFO: Something interesting happened [] []
[2017-11-19 16:10:46] my_logger.WARNING: Something happened [] []
[2017-11-19 16:10:46] my_logger.ERROR: Something bad happened [] []
[2017-11-19 16:11:11] my_logger.INFO: Showing user [] []
[2017-11-19 16:11:12] my_logger.INFO: Something interesting happened [] []
[2017-11-19 16:11:12] my_logger.WARNING: Something happened [] []
[2017-11-19 16:11:12] my_logger.ERROR: Something bad happened [] []
[2017-11-19 16:11:32] my_logger.INFO: Showing user [] []
[2017-11-19 16:11:32] my_logger.INFO: Something interesting happened [] []
[2017-11-19 16:11:32] my_logger.WARNING: Something happened [] []
[2017-11-19 16:11:32] my_logger.ERROR: Something bad happened [] []
[2017-11-19 16:11:32] my_logger.INFO: Showing user [] []
[2017-11-19 16:11:33] my_logger.INFO: Something interesting happened [] []
[2017-11-19 16:11:33] my_logger.WARNING: Something happened [] []
[2017-11-19 16:11:33] my_logger.ERROR: Something bad happened [] []
[2017-11-19 16:11:55] my_logger.INFO: Something interesting happened [] []
[2017-11-19 16:11:55] my_logger.WARNING: Something happened [] []
[2017-11-19 16:11:55] my_logger.ERROR: Something bad happened [] []
[2017-11-19 16:12:56] my_logger.INFO: Showing user [] []
[2017-11-19 16:12:57] my_logger.INFO: Something interesting happened [] []
[2017-11-19 16:12:57] my_logger.WARNING: Something happened [] []
[2017-11-19 16:12:57] my_logger.ERROR: Something bad happened [] []
[2017-11-19 16:12:57] my_logger.INFO: Showing user [] []
[2017-11-19 16:12:57] my_logger.INFO: Something interesting happened [] []
[2017-11-19 16:12:57] my_logger.WARNING: Something happened [] []
[2017-11-19 16:12:57] my_logger.ERROR: Something bad happened [] []
[2017-11-19 16:12:58] my_logger.INFO: Showing user [] []
[2017-11-19 16:12:58] my_logger.INFO: Something interesting happened [] []
[2017-11-19 16:12:58] my_logger.WARNING: Something happened [] []
[2017-11-19 16:12:58] my_logger.ERROR: Something bad happened [] []
[2017-11-19 16:13:10] my_logger.INFO: Showing user [] []
[2017-11-19 16:13:11] my_logger.INFO: Something interesting happened [] []
[2017-11-19 16:13:11] my_logger.WARNING: Something happened [] []
[2017-11-19 16:13:11] my_logger.ERROR: Something bad happened [] []
[2017-11-19 16:13:11] my_logger.INFO: Showing user [] []
[2017-11-19 16:13:11] my_logger.INFO: Something interesting happened [] []
[2017-11-19 16:13:11] my_logger.WARNING: Something happened [] []
[2017-11-19 16:13:11] my_logger.ERROR: Something bad happened [] []
[2017-11-19 16:13:44] my_logger.INFO: Showing user [] []
[2017-11-19 16:13:45] my_logger.INFO: Showing user [] []
[2017-11-19 16:13:51] my_logger.INFO: Showing user [] []
[2017-11-19 16:13:51] my_logger.INFO: Showing user [] []
[2017-11-19 16:14:45] my_logger.INFO: Showing user [] []
[2017-11-19 16:14:46] my_logger.INFO: Showing user [] []
[2017-11-19 16:20:47] my_logger.INFO: Showing user [] []
[2017-11-19 16:20:50] my_logger.INFO: Showing user [] []
[2017-11-19 16:20:56] my_logger.INFO: Showing user [] []
[2017-11-19 16:20:58] my_logger.INFO: Showing user [] []
[2017-11-19 16:21:40] my_logger.INFO: Showing user [] []
[2017-11-19 16:21:45] my_logger.INFO: Showing user [] []
[2017-11-20 16:47:59] my_logger.INFO: Showing user [] []
[2017-11-20 16:52:07] my_logger.INFO: Showing user login form [] []
[2017-11-20 16:52:08] my_logger.INFO: Showing user login form [] []
[2017-11-20 16:52:13] my_logger.INFO: Showing user login form [] []
[2017-11-20 16:52:21] my_logger.INFO: Showing user login form [] []
[2017-11-20 16:52:52] my_logger.INFO: Showing user login form [] []
[2017-11-20 17:42:52] my_logger.INFO: Showing user login form [] []
[2017-11-20 17:42:53] my_logger.INFO: Showing user login form [] []
